<?xml version="1.0" encoding="UTF-8"?>
<testng-results ignored="0" total="1" passed="1" failed="0" skipped="0">
  <reporter-output>
  </reporter-output>
  <suite started-at="2024-06-03T17:03:50 IST" name="Default suite" finished-at="2024-06-03T17:04:10 IST" duration-ms="19877">
    <groups>
    </groups>
    <test started-at="2024-06-03T17:03:50 IST" name="Default test" finished-at="2024-06-03T17:04:10 IST" duration-ms="19877">
      <class name="testLayer.FacebookRegisterTest">
        <test-method is-config="true" signature="setup()[pri:0, instance:testLayer.FacebookRegisterTest@4ee203eb]" started-at="2024-06-03T17:03:50 IST" name="setup" finished-at="2024-06-03T17:04:10 IST" duration-ms="19438" status="PASS">
          <reporter-output>
          </reporter-output>
        </test-method> <!-- setup -->
        <test-method signature="validateRegisterFunctionality()[pri:0, instance:testLayer.FacebookRegisterTest@4ee203eb]" started-at="2024-06-03T17:04:10 IST" name="validateRegisterFunctionality" finished-at="2024-06-03T17:04:10 IST" duration-ms="409" status="PASS">
          <reporter-output>
          </reporter-output>
        </test-method> <!-- validateRegisterFunctionality -->
      </class> <!-- testLayer.FacebookRegisterTest -->
    </test> <!-- Default test -->
  </suite> <!-- Default suite -->
</testng-results>
